<?xml version="1.0" encoding="UTF-8"?>
<TestRun id="fa976dc0-ef68-40c5-b559-55162b58de7d" name="Home@HOME 2009-03-29 12:27:48" runUser="Home\Home" xmlns="http://microsoft.com/schemas/VisualStudio/TeamTest/2006">
  <TestRunConfiguration name="Local Test Run" id="2235a46d-a3ac-4df8-b514-03de6f486fa8">
    <Description>This is a default test run configuration for a local test run.</Description>
    <Deployment runDeploymentRoot="C:\Users\Home\Desktop\SampleETLJob\TestResults\Home_HOME 2009-03-29 12_27_48">
      <DeploymentItem filename="C:\Users\Home\Desktop\SampleETLJob\Reference\log4net.dll" />
      <DeploymentItem filename="C:\Users\Home\Desktop\SampleETLJob\Reference\Rhino.Commons.Clr.dll" />
      <DeploymentItem filename="C:\Users\Home\Desktop\SampleETLJob\Reference\Rhino.Commons.dll" />
      <DeploymentItem filename="C:\Users\Home\Desktop\SampleETLJob\Reference\FileHelpers.dll" />
      <DeploymentItem filename="C:\Users\Home\Desktop\SampleETLJob\SampleETLJob\bin\Debug\SampleETLJob.dll" />
      <DeploymentItem filename="C:\Users\Home\Desktop\SampleETLJob\Reference\Boo.Lang.dll" />
      <DeploymentItem filename="C:\Users\Home\Desktop\SampleETLJob\Reference\Rhino.Etl.Core.dll" />
    </Deployment>
    <TestTypeSpecific>
      <WebTestRunConfiguration testTypeId="4e7599fa-5ecb-43e9-a887-cd63cf72d207">
        <Browser name="Internet Explorer 7.0">
          <Headers>
            <Header name="User-Agent" value="Mozilla/4.0 (compatible; MSIE 7.0; Windows NT 5.1)" />
            <Header name="Accept" value="*/*" />
            <Header name="Accept-Language" value="{{$IEAcceptLanguage}}" />
            <Header name="Accept-Encoding" value="GZIP" />
          </Headers>
        </Browser>
        <Network Name="LAN" BandwidthInKbps="0" />
      </WebTestRunConfiguration>
    </TestTypeSpecific>
  </TestRunConfiguration>
  <ResultSummary outcome="Warning">
    <Counters total="3" executed="3" passed="3" error="0" failed="0" timeout="0" aborted="0" inconclusive="0" passedButRunAborted="0" notRunnable="0" notExecuted="0" disconnected="0" warning="0" completed="0" inProgress="0" pending="0" />
    <RunInfos>
      <RunInfo computerName="HOME" outcome="Warning" timestamp="2009-03-29T12:27:49.2992674-05:00">
        <Text>Warning: Test Run deployment issue: The assembly or module 'Castle.Windsor' directly or indirectly referenced by the test container 'c:\users\home\desktop\sampleetljob\test\bin\debug\test.dll' was not found.</Text>
      </RunInfo>
      <RunInfo computerName="HOME" outcome="Warning" timestamp="2009-03-29T12:27:49.2992674-05:00">
        <Text>Warning: Test Run deployment issue: The assembly or module 'Castle.MicroKernel' directly or indirectly referenced by the test container 'c:\users\home\desktop\sampleetljob\test\bin\debug\test.dll' was not found.</Text>
      </RunInfo>
      <RunInfo computerName="HOME" outcome="Warning" timestamp="2009-03-29T12:27:49.2992674-05:00">
        <Text>Warning: Test Run deployment issue: The assembly or module 'Castle.Core' directly or indirectly referenced by the test container 'c:\users\home\desktop\sampleetljob\test\bin\debug\test.dll' was not found.</Text>
      </RunInfo>
      <RunInfo computerName="HOME" outcome="Warning" timestamp="2009-03-29T12:27:49.2992674-05:00">
        <Text>Warning: Test Run deployment issue: The assembly or module 'Boo.Lang.Compiler' directly or indirectly referenced by the test container 'c:\users\home\desktop\sampleetljob\test\bin\debug\test.dll' was not found.</Text>
      </RunInfo>
      <RunInfo computerName="HOME" outcome="Warning" timestamp="2009-03-29T12:27:49.3002674-05:00">
        <Text>Warning: Test Run deployment issue: The assembly or module 'Rhino.Commons.Binsor' directly or indirectly referenced by the test container 'c:\users\home\desktop\sampleetljob\test\bin\debug\test.dll' was not found.</Text>
      </RunInfo>
    </RunInfos>
  </ResultSummary>
  <Times creation="2009-03-29T12:27:48.8612674-05:00" queuing="2009-03-29T12:27:49.8602674-05:00" start="2009-03-29T12:27:50.0452674-05:00" finish="2009-03-29T12:27:50.7342674-05:00" />
  <TestDefinitions>
    <UnitTest name="CanReadFile" storage="c:\users\home\desktop\sampleetljob\test\bin\debug\test.dll" id="dec937e5-7636-32d9-2630-9c1dc71dae31">
      <Css projectStructure="" iteration="" />
      <Owners>
        <Owner name="" />
      </Owners>
      <DeploymentItems>
        <DeploymentItem filename=".\SampleData\names.txt" outputDirectory="SampleData" />
      </DeploymentItems>
      <Execution id="793c1576-2767-4f48-b951-09be9f85793d" />
      <TestMethod codeBase="C:\Users\Home\Desktop\SampleETLJob\Test\bin\Debug\Test.dll" adapterTypeName="Microsoft.VisualStudio.TestTools.TestTypes.Unit.UnitTestAdapter, Microsoft.VisualStudio.QualityTools.Tips.UnitTest.Adapter, Version=9.0.0.0, Culture=neutral, PublicKeyToken=b03f5f7f11d50a3a" className="Test.UserNameReadTest, Test" name="CanReadFile" />
    </UnitTest>
    <UnitTest name="CanJoinFiles" storage="c:\users\home\desktop\sampleetljob\test\bin\debug\test.dll" id="b98621a5-43ec-b9eb-8be3-a88e94e45bbe">
      <Css projectStructure="" iteration="" />
      <Owners>
        <Owner name="" />
      </Owners>
      <Execution id="01337680-caaf-4fb6-931f-c7aca445cc21" />
      <TestMethod codeBase="C:\Users\Home\Desktop\SampleETLJob\Test\bin\Debug\Test.dll" adapterTypeName="Microsoft.VisualStudio.TestTools.TestTypes.Unit.UnitTestAdapter, Microsoft.VisualStudio.QualityTools.Tips.UnitTest.Adapter, Version=9.0.0.0, Culture=neutral, PublicKeyToken=b03f5f7f11d50a3a" className="Test.JoinUserRecordsTest, Test" name="CanJoinFiles" />
    </UnitTest>
    <UnitTest name="CanReadFile" storage="c:\users\home\desktop\sampleetljob\test\bin\debug\test.dll" id="8b11f7aa-8765-7ccd-6121-c319bf561941">
      <Css projectStructure="" iteration="" />
      <Owners>
        <Owner name="" />
      </Owners>
      <DeploymentItems>
        <DeploymentItem filename=".\SampleData\addresses.txt" outputDirectory="SampleData" />
      </DeploymentItems>
      <Execution id="85cac310-c352-40ac-a715-b8b175a6d462" />
      <TestMethod codeBase="C:\Users\Home\Desktop\SampleETLJob\Test\bin\Debug\Test.dll" adapterTypeName="Microsoft.VisualStudio.TestTools.TestTypes.Unit.UnitTestAdapter, Microsoft.VisualStudio.QualityTools.Tips.UnitTest.Adapter, Version=9.0.0.0, Culture=neutral, PublicKeyToken=b03f5f7f11d50a3a" className="Test.UserAddressReadTest, Test" name="CanReadFile" />
    </UnitTest>
  </TestDefinitions>
  <TestLists>
    <TestList name="Results Not in a List" id="8c84fa94-04c1-424b-9868-57a2d4851a1d" />
    <TestList name="All Loaded Results" id="19431567-8539-422a-85d7-44ee4e166bda" />
  </TestLists>
  <TestEntries>
    <TestEntry testId="8b11f7aa-8765-7ccd-6121-c319bf561941" executionId="85cac310-c352-40ac-a715-b8b175a6d462" testListId="8c84fa94-04c1-424b-9868-57a2d4851a1d" />
    <TestEntry testId="b98621a5-43ec-b9eb-8be3-a88e94e45bbe" executionId="01337680-caaf-4fb6-931f-c7aca445cc21" testListId="8c84fa94-04c1-424b-9868-57a2d4851a1d" />
    <TestEntry testId="dec937e5-7636-32d9-2630-9c1dc71dae31" executionId="793c1576-2767-4f48-b951-09be9f85793d" testListId="8c84fa94-04c1-424b-9868-57a2d4851a1d" />
  </TestEntries>
  <Results>
    <UnitTestResult executionId="85cac310-c352-40ac-a715-b8b175a6d462" testId="8b11f7aa-8765-7ccd-6121-c319bf561941" testName="CanReadFile" computerName="HOME" duration="00:00:00.1611846" startTime="2009-03-29T12:27:50.1082674-05:00" endTime="2009-03-29T12:27:50.6192674-05:00" testType="13cdc9d9-ddb5-4fa4-a97d-d965ccfc6d4b" outcome="Passed" testListId="8c84fa94-04c1-424b-9868-57a2d4851a1d">
      <Output>
      </Output>
    </UnitTestResult>
    <UnitTestResult executionId="01337680-caaf-4fb6-931f-c7aca445cc21" testId="b98621a5-43ec-b9eb-8be3-a88e94e45bbe" testName="CanJoinFiles" computerName="HOME" duration="00:00:00.0208832" startTime="2009-03-29T12:27:50.6252674-05:00" endTime="2009-03-29T12:27:50.6502674-05:00" testType="13cdc9d9-ddb5-4fa4-a97d-d965ccfc6d4b" outcome="Passed" testListId="8c84fa94-04c1-424b-9868-57a2d4851a1d">
      <Output>
      </Output>
    </UnitTestResult>
    <UnitTestResult executionId="793c1576-2767-4f48-b951-09be9f85793d" testId="dec937e5-7636-32d9-2630-9c1dc71dae31" testName="CanReadFile" computerName="HOME" duration="00:00:00.0015865" startTime="2009-03-29T12:27:50.6572674-05:00" endTime="2009-03-29T12:27:50.6622674-05:00" testType="13cdc9d9-ddb5-4fa4-a97d-d965ccfc6d4b" outcome="Passed" testListId="8c84fa94-04c1-424b-9868-57a2d4851a1d">
      <Output>
      </Output>
    </UnitTestResult>
  </Results>
</TestRun>